/SingleMuon/Run2016B-ver1_HIPM_UL2016_MiniAODv2_NanoAODv9-v2/NANOAOD
/SingleMuon/Run2016B-ver2_HIPM_UL2016_MiniAODv2_NanoAODv9-v2/NANOAOD
/SingleMuon/Run2016C-HIPM_UL2016_MiniAODv2_NanoAODv9-v2/NANOAOD
/SingleMuon/Run2016D-HIPM_UL2016_MiniAODv2_NanoAODv9-v2/NANOAOD
/SingleMuon/Run2016E-HIPM_UL2016_MiniAODv2_NanoAODv9-v2/NANOAOD
/SingleMuon/Run2016F-HIPM_UL2016_MiniAODv2_NanoAODv9-v2/NANOAOD
/SingleMuon/Run2016F-UL2016_MiniAODv2_NanoAODv9-v1/NANOAOD
/SingleMuon/Run2016G-UL2016_MiniAODv2_NanoAODv9-v1/NANOAOD
/SingleMuon/Run2016H-UL2016_MiniAODv2_NanoAODv9-v1/NANOAOD
/SingleMuon/Run2017B-UL2017_MiniAODv2_NanoAODv9-v1/NANOAOD
/SingleMuon/Run2017C-UL2017_MiniAODv2_NanoAODv9-v1/NANOAOD
/SingleMuon/Run2017D-UL2017_MiniAODv2_NanoAODv9-v1/NANOAOD
/SingleMuon/Run2017E-UL2017_MiniAODv2_NanoAODv9-v1/NANOAOD
/SingleMuon/Run2017F-UL2017_MiniAODv2_NanoAODv9-v1/NANOAOD
/SingleMuon/Run2017G-UL2017_MiniAODv2_NanoAODv9-v1/NANOAOD
/SingleMuon/Run2017H-UL2017_MiniAODv2_NanoAODv9-v1/NANOAOD
/SingleMuon/Run2018A-UL2018_MiniAODv2_NanoAODv9-v2/NANOAOD
/SingleMuon/Run2018B-UL2018_MiniAODv2_NanoAODv9-v2/NANOAOD
/SingleMuon/Run2018C-UL2018_MiniAODv2_NanoAODv9-v2/NANOAOD
/SingleMuon/Run2018D-UL2018_MiniAODv2_NanoAODv9-v1/NANOAOD
/SingleElectron/Run2016B-ver1_HIPM_UL2016_MiniAODv2_NanoAODv9-v2/NANOAOD
/SingleElectron/Run2016B-ver2_HIPM_UL2016_MiniAODv2_NanoAODv9-v2/NANOAOD
/SingleElectron/Run2016C-HIPM_UL2016_MiniAODv2_NanoAODv9-v2/NANOAOD
/SingleElectron/Run2016D-HIPM_UL2016_MiniAODv2_NanoAODv9-v2/NANOAOD
/SingleElectron/Run2016E-HIPM_UL2016_MiniAODv2_NanoAODv9-v2/NANOAOD
/SingleElectron/Run2016F-HIPM_UL2016_MiniAODv2_NanoAODv9-v2/NANOAOD
/SingleElectron/Run2016F-UL2016_MiniAODv2_NanoAODv9-v1/NANOAOD
/SingleElectron/Run2016G-UL2016_MiniAODv2_NanoAODv9-v1/NANOAOD
/SingleElectron/Run2016H-UL2016_MiniAODv2_NanoAODv9-v1/NANOAOD
/SingleElectron/Run2017B-UL2017_MiniAODv2_NanoAODv9-v1/NANOAOD
/SingleElectron/Run2017C-UL2017_MiniAODv2_NanoAODv9-v1/NANOAOD
/SingleElectron/Run2017D-UL2017_MiniAODv2_NanoAODv9-v1/NANOAOD
/SingleElectron/Run2017E-UL2017_MiniAODv2_NanoAODv9-v1/NANOAOD
/SingleElectron/Run2017F-UL2017_MiniAODv2_NanoAODv9-v1/NANOAOD
/SinglePhoton/Run2016B-ver1_HIPM_UL2016_MiniAODv2_NanoAODv9-v2/NANOAOD
/SinglePhoton/Run2016B-ver2_HIPM_UL2016_MiniAODv2_NanoAODv9-v2/NANOAOD
/SinglePhoton/Run2016C-HIPM_UL2016_MiniAODv2_NanoAODv9-v4/NANOAOD
/SinglePhoton/Run2016D-HIPM_UL2016_MiniAODv2_NanoAODv9-v2/NANOAOD
/SinglePhoton/Run2016E-HIPM_UL2016_MiniAODv2_NanoAODv9-v2/NANOAOD
/SinglePhoton/Run2016F-HIPM_UL2016_MiniAODv2_NanoAODv9-v2/NANOAOD
/SinglePhoton/Run2016F-UL2016_MiniAODv2_NanoAODv9-v1/NANOAOD
/SinglePhoton/Run2016G-UL2016_MiniAODv2_NanoAODv9-v2/NANOAOD
/SinglePhoton/Run2016H-UL2016_MiniAODv2_NanoAODv9-v1/NANOAOD
/SinglePhoton/Run2017B-UL2017_MiniAODv2_NanoAODv9-v1/NANOAOD
/SinglePhoton/Run2017C-UL2017_MiniAODv2_NanoAODv9-v1/NANOAOD
/SinglePhoton/Run2017D-UL2017_MiniAODv2_NanoAODv9-v1/NANOAOD
/SinglePhoton/Run2017E-UL2017_MiniAODv2_NanoAODv9-v1/NANOAOD
/SinglePhoton/Run2017F-UL2017_MiniAODv2_NanoAODv9-v1/NANOAOD
/EGamma/Run2018A-UL2018_MiniAODv2_NanoAODv9-v1/NANOAOD
/EGamma/Run2018B-UL2018_MiniAODv2_NanoAODv9-v1/NANOAOD
/EGamma/Run2018C-UL2018_MiniAODv2_NanoAODv9-v1/NANOAOD
/EGamma/Run2018D-UL2018_MiniAODv2_NanoAODv9-v3/NANOAOD
/ST_s-channel_4f_leptonDecays_TuneCP5_13TeV-amcatnlo-pythia8/RunIISummer20UL16NanoAODAPVv9-106X_mcRun2_asymptotic_preVFP_v11-v1/NANOAODSIM
/ST_s-channel_4f_leptonDecays_TuneCP5_13TeV-amcatnlo-pythia8/RunIISummer20UL16NanoAODv9-106X_mcRun2_asymptotic_v17-v1/NANOAODSIM
/ST_s-channel_4f_leptonDecays_TuneCP5_13TeV-amcatnlo-pythia8/RunIISummer20UL17NanoAODv9-106X_mc2017_realistic_v9-v1/NANOAODSIM
/ST_s-channel_4f_leptonDecays_TuneCP5_13TeV-amcatnlo-pythia8/RunIISummer20UL18NanoAODv9-106X_upgrade2018_realistic_v16_L1v1-v1/NANOAODSIM
/ST_t-channel_top_4f_InclusiveDecays_TuneCP5_13TeV-powheg-madspin-pythia8/RunIISummer20UL16NanoAODAPVv9-106X_mcRun2_asymptotic_preVFP_v11-v1/NANOAODSIM
/ST_t-channel_top_4f_InclusiveDecays_TuneCP5_13TeV-powheg-madspin-pythia8/RunIISummer20UL16NanoAODv9-106X_mcRun2_asymptotic_v17-v1/NANOAODSIM
/ST_t-channel_top_4f_InclusiveDecays_TuneCP5_13TeV-powheg-madspin-pythia8/RunIISummer20UL17NanoAODv9-106X_mc2017_realistic_v9-v1/NANOAODSIM
/ST_t-channel_top_4f_InclusiveDecays_TuneCP5_13TeV-powheg-madspin-pythia8/RunIISummer20UL18NanoAODv9-106X_upgrade2018_realistic_v16_L1v1-v1/NANOAODSIM
/ST_t-channel_antitop_4f_InclusiveDecays_TuneCP5_13TeV-powheg-madspin-pythia8/RunIISummer20UL16NanoAODAPVv9-106X_mcRun2_asymptotic_preVFP_v11-v1/NANOAODSIM
/ST_t-channel_antitop_4f_InclusiveDecays_TuneCP5_13TeV-powheg-madspin-pythia8/RunIISummer20UL16NanoAODv9-106X_mcRun2_asymptotic_v17-v1/NANOAODSIM
/ST_t-channel_antitop_4f_InclusiveDecays_TuneCP5_13TeV-powheg-madspin-pythia8/RunIISummer20UL17NanoAODv9-106X_mc2017_realistic_v9-v1/NANOAODSIM
/ST_t-channel_antitop_4f_InclusiveDecays_TuneCP5_13TeV-powheg-madspin-pythia8/RunIISummer20UL18NanoAODv9-106X_upgrade2018_realistic_v16_L1v1-v1/NANOAODSIM
/ST_tW_top_5f_inclusiveDecays_TuneCP5_13TeV-powheg-pythia8/RunIISummer20UL16NanoAODAPVv9-106X_mcRun2_asymptotic_preVFP_v11-v1/NANOAODSIM
/ST_tW_top_5f_inclusiveDecays_TuneCP5_13TeV-powheg-pythia8/RunIISummer20UL16NanoAODv9-106X_mcRun2_asymptotic_v17-v2/NANOAODSIM
/ST_tW_top_5f_inclusiveDecays_TuneCP5_13TeV-powheg-pythia8/RunIISummer20UL17NanoAODv9-106X_mc2017_realistic_v9-v2/NANOAODSIM
/ST_tW_top_5f_inclusiveDecays_TuneCP5_13TeV-powheg-pythia8/RunIISummer20UL18NanoAODv9-106X_upgrade2018_realistic_v16_L1v1-v2/NANOAODSIM
/ST_tW_antitop_5f_inclusiveDecays_TuneCP5_13TeV-powheg-pythia8/RunIISummer20UL16NanoAODAPVv9-106X_mcRun2_asymptotic_preVFP_v11-v1/NANOAODSIM
/ST_tW_antitop_5f_inclusiveDecays_TuneCP5_13TeV-powheg-pythia8/RunIISummer20UL16NanoAODv9-106X_mcRun2_asymptotic_v17-v2/NANOAODSIM
/ST_tW_antitop_5f_inclusiveDecays_TuneCP5_13TeV-powheg-pythia8/RunIISummer20UL17NanoAODv9-106X_mc2017_realistic_v9-v2/NANOAODSIM
/ST_tW_antitop_5f_inclusiveDecays_TuneCP5_13TeV-powheg-pythia8/RunIISummer20UL18NanoAODv9-106X_upgrade2018_realistic_v16_L1v1-v2/NANOAODSIM
/TTTo2L2Nu_TuneCP5_13TeV-powheg-pythia8/RunIISummer20UL16NanoAODAPVv9-106X_mcRun2_asymptotic_preVFP_v11-v1/NANOAODSIM
/TTTo2L2Nu_TuneCP5_13TeV-powheg-pythia8/RunIISummer20UL16NanoAODv9-106X_mcRun2_asymptotic_v17-v1/NANOAODSIM
/TTTo2L2Nu_TuneCP5_13TeV-powheg-pythia8/RunIISummer20UL17NanoAODv9-106X_mc2017_realistic_v9-v1/NANOAODSIM
/TTTo2L2Nu_TuneCP5_13TeV-powheg-pythia8/RunIISummer20UL18NanoAODv9-106X_upgrade2018_realistic_v16_L1v1-v1/NANOAODSIM
/TTToHadronic_TuneCP5_13TeV-powheg-pythia8/RunIISummer20UL16NanoAODAPVv9-106X_mcRun2_asymptotic_preVFP_v11-v1/NANOAODSIM
/TTToHadronic_TuneCP5_13TeV-powheg-pythia8/RunIISummer20UL16NanoAODv9-106X_mcRun2_asymptotic_v17-v1/NANOAODSIM
/TTToHadronic_TuneCP5_13TeV-powheg-pythia8/RunIISummer20UL17NanoAODv9-106X_mc2017_realistic_v9-v1/NANOAODSIM
/TTToHadronic_TuneCP5_13TeV-powheg-pythia8/RunIISummer20UL18NanoAODv9-106X_upgrade2018_realistic_v16_L1v1-v1/NANOAODSIM
/TTToSemiLeptonic_TuneCP5_13TeV-powheg-pythia8/RunIISummer20UL16NanoAODAPVv9-106X_mcRun2_asymptotic_preVFP_v11-v1/NANOAODSIM
/TTToSemiLeptonic_TuneCP5_13TeV-powheg-pythia8/RunIISummer20UL16NanoAODv9-106X_mcRun2_asymptotic_v17-v1/NANOAODSIM
/TTToSemiLeptonic_TuneCP5_13TeV-powheg-pythia8/RunIISummer20UL17NanoAODv9-106X_mc2017_realistic_v9-v1/NANOAODSIM
/TTToSemiLeptonic_TuneCP5_13TeV-powheg-pythia8/RunIISummer20UL18NanoAODv9-106X_upgrade2018_realistic_v16_L1v1-v1/NANOAODSIM
/TTGamma_Dilept_TuneCP5_13TeV-madgraph-pythia8/RunIISummer20UL16NanoAODAPVv9-106X_mcRun2_asymptotic_preVFP_v11-v1/NANOAODSIM
/TTGamma_Dilept_TuneCP5_13TeV-madgraph-pythia8/RunIISummer20UL16NanoAODv9-106X_mcRun2_asymptotic_v17-v1/NANOAODSIM
/TTGamma_Hadronic_TuneCP5_13TeV-madgraph-pythia8/RunIISummer20UL16NanoAODAPVv9-106X_mcRun2_asymptotic_preVFP_v11-v1/NANOAODSIM
/TTGamma_Hadronic_TuneCP5_13TeV-madgraph-pythia8/RunIISummer20UL16NanoAODv9-106X_mcRun2_asymptotic_v17-v1/NANOAODSIM
/TTGamma_SingleLept_TuneCP5_13TeV-madgraph-pythia8/RunIISummer20UL16NanoAODAPVv9-106X_mcRun2_asymptotic_preVFP_v11-v1/NANOAODSIM
/TTGamma_SingleLept_TuneCP5_13TeV-madgraph-pythia8/RunIISummer20UL16NanoAODv9-106X_mcRun2_asymptotic_v17-v1/NANOAODSIM
/TTGamma_Dilept_TuneCP5_13TeV-madgraph-pythia8/RunIISummer20UL17NanoAODv9-106X_mc2017_realistic_v9-v1/NANOAODSIM
/TTGamma_Hadronic_TuneCP5_13TeV-madgraph-pythia8/RunIISummer20UL17NanoAODv9-106X_mc2017_realistic_v9-v1/NANOAODSIM
/TTGamma_SingleLept_TuneCP5_13TeV-madgraph-pythia8/RunIISummer20UL17NanoAODv9-106X_mc2017_realistic_v9-v1/NANOAODSIM
/TTGamma_Dilept_TuneCP5_13TeV-madgraph-pythia8/RunIISummer20UL18NanoAODv9-106X_upgrade2018_realistic_v16_L1v1-v1/NANOAODSIM
/TTGamma_Hadronic_TuneCP5_13TeV-madgraph-pythia8/RunIISummer20UL18NanoAODv9-106X_upgrade2018_realistic_v16_L1v1-v1/NANOAODSIM
/TTGamma_SingleLept_TuneCP5_13TeV-madgraph-pythia8/RunIISummer20UL18NanoAODv9-106X_upgrade2018_realistic_v16_L1v1-v1/NANOAODSIM
/GJets_HT-200To400_TuneCP5_13TeV-madgraphMLM-pythia8/RunIISummer20UL16NanoAODv9-106X_mcRun2_asymptotic_v17-v1/NANOAODSIM
/GJets_HT-400To600_TuneCP5_13TeV-madgraphMLM-pythia8/RunIISummer20UL16NanoAODv9-106X_mcRun2_asymptotic_v17-v1/NANOAODSIM
/GJets_HT-40To100_TuneCP5_13TeV-madgraphMLM-pythia8/RunIISummer20UL16NanoAODv9-106X_mcRun2_asymptotic_v17-v1/NANOAODSIM
/GJets_HT-600ToInf_TuneCP5_13TeV-madgraphMLM-pythia8/RunIISummer20UL16NanoAODv9-106X_mcRun2_asymptotic_v17-v1/NANOAODSIM
/GJets_HT-100To200_TuneCP5_13TeV-madgraphMLM-pythia8/RunIISummer20UL16NanoAODv9-4cores5k_106X_mcRun2_asymptotic_v17-v1/NANOAODSIM
/GJets_HT-200To400_TuneCP5_13TeV-madgraphMLM-pythia8/RunIISummer20UL16NanoAODAPVv9-106X_mcRun2_asymptotic_preVFP_v11-v1/NANOAODSIM
/GJets_HT-400To600_TuneCP5_13TeV-madgraphMLM-pythia8/RunIISummer20UL16NanoAODAPVv9-106X_mcRun2_asymptotic_preVFP_v11-v1/NANOAODSIM
/GJets_HT-40To100_TuneCP5_13TeV-madgraphMLM-pythia8/RunIISummer20UL16NanoAODAPVv9-106X_mcRun2_asymptotic_preVFP_v11-v1/NANOAODSIM
/GJets_HT-600ToInf_TuneCP5_13TeV-madgraphMLM-pythia8/RunIISummer20UL16NanoAODAPVv9-106X_mcRun2_asymptotic_preVFP_v11-v1/NANOAODSIM
/GJets_HT-100To200_TuneCP5_13TeV-madgraphMLM-pythia8/RunIISummer20UL16NanoAODAPVv9-4cores5k_106X_mcRun2_asymptotic_preVFP_v11-v1/NANOAODSIM
/GJets_HT-100To200_TuneCP5_13TeV-madgraphMLM-pythia8/RunIISummer20UL17NanoAODv9-4cores5k_106X_mc2017_realistic_v9-v1/NANOAODSIM
/GJets_HT-200To400_TuneCP5_13TeV-madgraphMLM-pythia8/RunIISummer20UL17NanoAODv9-106X_mc2017_realistic_v9-v1/NANOAODSIM
/GJets_HT-400To600_TuneCP5_13TeV-madgraphMLM-pythia8/RunIISummer20UL17NanoAODv9-106X_mc2017_realistic_v9-v1/NANOAODSIM
/GJets_HT-40To100_TuneCP5_13TeV-madgraphMLM-pythia8/RunIISummer20UL17NanoAODv9-106X_mc2017_realistic_v9-v1/NANOAODSIM
/GJets_HT-600ToInf_TuneCP5_13TeV-madgraphMLM-pythia8/RunIISummer20UL17NanoAODv9-106X_mc2017_realistic_v9-v1/NANOAODSIM
/GJets_HT-100To200_TuneCP5_13TeV-madgraphMLM-pythia8/RunIISummer20UL18NanoAODv9-4cores5k_106X_upgrade2018_realistic_v16_L1v1-v1/NANOAODSIM
/GJets_HT-200To400_TuneCP5_13TeV-madgraphMLM-pythia8/RunIISummer20UL18NanoAODv9-106X_upgrade2018_realistic_v16_L1v1-v1/NANOAODSIM
/GJets_HT-400To600_TuneCP5_13TeV-madgraphMLM-pythia8/RunIISummer20UL18NanoAODv9-106X_upgrade2018_realistic_v16_L1v1-v1/NANOAODSIM
/GJets_HT-40To100_TuneCP5_13TeV-madgraphMLM-pythia8/RunIISummer20UL18NanoAODv9-106X_upgrade2018_realistic_v16_L1v1-v1/NANOAODSIM
/GJets_HT-600ToInf_TuneCP5_13TeV-madgraphMLM-pythia8/RunIISummer20UL18NanoAODv9-106X_upgrade2018_realistic_v16_L1v1-v1/NANOAODSIM
/TGJets_TuneCP5_13TeV-amcatnlo-madspin-pythia8/RunIISummer20UL16NanoAODv9-106X_mcRun2_asymptotic_v17_ext1-v1/NANOAODSIM
/TGJets_TuneCP5_13TeV-amcatnlo-madspin-pythia8/RunIISummer20UL16NanoAODAPVv9-106X_mcRun2_asymptotic_preVFP_v11_ext1-v1/NANOAODSIM
/TGJets_TuneCP5_13TeV-amcatnlo-madspin-pythia8/RunIISummer20UL17NanoAODv9-106X_mc2017_realistic_v9-v2/NANOAODSIM
/TGJets_TuneCP5_13TeV-amcatnlo-madspin-pythia8/RunIISummer20UL18NanoAODv9-106X_upgrade2018_realistic_v16_L1v1-v2/NANOAODSIM
/WJetsToLNu_TuneCP5_13TeV-madgraphMLM-pythia8/RunIISummer20UL16NanoAODv9-106X_mcRun2_asymptotic_v17-v1/NANOAODSIM
/WJetsToLNu_TuneCP5_13TeV-madgraphMLM-pythia8/RunIISummer20UL16NanoAODAPVv9-106X_mcRun2_asymptotic_preVFP_v11-v1/NANOAODSIM
/WJetsToLNu_TuneCP5_13TeV-madgraphMLM-pythia8/RunIISummer20UL17NanoAODv9-106X_mc2017_realistic_v9-v1/NANOAODSIM
/WJetsToLNu_TuneCP5_13TeV-madgraphMLM-pythia8/RunIISummer20UL18NanoAODv9-106X_upgrade2018_realistic_v16_L1v1-v1/NANOAODSIM
/DYJetsToLL_M-10to50_TuneCP5_13TeV-madgraphMLM-pythia8/RunIISummer20UL16NanoAODv9-106X_mcRun2_asymptotic_v17-v1/NANOAODSIM
/DYJetsToLL_M-10to50_TuneCP5_13TeV-madgraphMLM-pythia8/RunIISummer20UL16NanoAODAPVv9-106X_mcRun2_asymptotic_preVFP_v11-v1/NANOAODSIM
/DYJetsToLL_M-10to50_TuneCP5_13TeV-madgraphMLM-pythia8/RunIISummer20UL17NanoAODv9-106X_mc2017_realistic_v9-v1/NANOAODSIM
/DYJetsToLL_M-10to50_TuneCP5_13TeV-madgraphMLM-pythia8/RunIISummer20UL18NanoAODv9-106X_upgrade2018_realistic_v16_L1v1-v1/NANOAODSIM
/DYJetsToLL_M-50_TuneCP5_13TeV-madgraphMLM-pythia8/RunIISummer20UL16NanoAODv9-106X_mcRun2_asymptotic_v17-v1/NANOAODSIM
/DYJetsToLL_M-50_TuneCP5_13TeV-madgraphMLM-pythia8/RunIISummer20UL16NanoAODAPVv9-106X_mcRun2_asymptotic_preVFP_v11-v1/NANOAODSIM
/DYJetsToLL_M-50_TuneCP5_13TeV-madgraphMLM-pythia8/RunIISummer20UL17NanoAODv9-106X_mc2017_realistic_v9-v1/NANOAODSIM
/DYJetsToLL_M-50_TuneCP5_13TeV-madgraphMLM-pythia8/RunIISummer20UL18NanoAODv9-106X_upgrade2018_realistic_v16_L1v1-v1/NANOAODSIM
/WGToLNuG_TuneCP5_13TeV-madgraphMLM-pythia8/RunIISummer20UL16NanoAODAPVv9-106X_mcRun2_asymptotic_preVFP_v11-v1/NANOAODSIM
/WGToLNuG_TuneCP5_13TeV-madgraphMLM-pythia8/RunIISummer20UL16NanoAODv9-106X_mcRun2_asymptotic_v17-v1/NANOAODSIM
/WGToLNuG_TuneCP5_13TeV-madgraphMLM-pythia8/RunIISummer20UL17NanoAODv9-106X_mc2017_realistic_v9-v1/NANOAODSIM
/WGToLNuG_TuneCP5_13TeV-madgraphMLM-pythia8/RunIISummer20UL18NanoAODv9-106X_upgrade2018_realistic_v16_L1v1-v1/NANOAODSIM
/ZGToLLG_01J_5f_TuneCP5_13TeV-amcatnloFXFX-pythia8/RunIISummer20UL16NanoAODAPVv9-106X_mcRun2_asymptotic_preVFP_v11-v1/NANOAODSIM
/ZGToLLG_01J_5f_TuneCP5_13TeV-amcatnloFXFX-pythia8/RunIISummer20UL16NanoAODv9-106X_mcRun2_asymptotic_v17-v1/NANOAODSIM
/ZGToLLG_01J_5f_TuneCP5_13TeV-amcatnloFXFX-pythia8/RunIISummer20UL17NanoAODv9-106X_mc2017_realistic_v9-v1/NANOAODSIM
/ZGToLLG_01J_5f_TuneCP5_13TeV-amcatnloFXFX-pythia8/RunIISummer20UL18NanoAODv9-106X_upgrade2018_realistic_v16_L1v1-v1/NANOAODSIM
/WWG_TuneCP5_13TeV-amcatnlo-pythia8/RunIISummer20UL16NanoAODAPVv9-106X_mcRun2_asymptotic_preVFP_v11-v1/NANOAODSIM
/WWG_TuneCP5_13TeV-amcatnlo-pythia8/RunIISummer20UL16NanoAODv9-106X_mcRun2_asymptotic_v17-v1/NANOAODSIM
/WWG_TuneCP5_13TeV-amcatnlo-pythia8/RunIISummer20UL17NanoAODv9-106X_mc2017_realistic_v9-v1/NANOAODSIM
/WWG_TuneCP5_13TeV-amcatnlo-pythia8/RunIISummer20UL18NanoAODv9-106X_upgrade2018_realistic_v16_L1v1-v2/NANOAODSIM
/WZG_TuneCP5_13TeV-amcatnlo-pythia8/RunIISummer20UL16NanoAODAPVv9-106X_mcRun2_asymptotic_preVFP_v11-v1/NANOAODSIM
/WZG_TuneCP5_13TeV-amcatnlo-pythia8/RunIISummer20UL16NanoAODv9-106X_mcRun2_asymptotic_v17-v1/NANOAODSIM
/WZG_TuneCP5_13TeV-amcatnlo-pythia8/RunIISummer20UL17NanoAODv9-106X_mc2017_realistic_v9-v1/NANOAODSIM
/WZG_TuneCP5_13TeV-amcatnlo-pythia8/RunIISummer20UL18NanoAODv9-106X_upgrade2018_realistic_v16_L1v1-v1/NANOAODSIM
/ZZGTo4L_TuneCP5_4f_NLO_13TeV-amcatnlo-pythia8/RunIISummer20UL16NanoAODv9-106X_mcRun2_asymptotic_v17-v2/NANOAODSIM
/ZZGTo4L_TuneCP5_4f_NLO_13TeV-amcatnlo-pythia8/RunIISummer20UL16NanoAODAPVv9-106X_mcRun2_asymptotic_preVFP_v11-v2/NANOAODSIM
/ZZGTo4L_TuneCP5_4f_NLO_13TeV-amcatnlo-pythia8/RunIISummer20UL17NanoAODv9-106X_mc2017_realistic_v9-v2/NANOAODSIM
/ZZGTo4L_TuneCP5_4f_NLO_13TeV-amcatnlo-pythia8/RunIISummer20UL18NanoAODv9-106X_upgrade2018_realistic_v16_L1v1-v1/NANOAODSIM
/WW_TuneCP5_13TeV-pythia8/RunIISummer20UL16NanoAODAPVv9-106X_mcRun2_asymptotic_preVFP_v11-v1/NANOAODSIM
/WW_TuneCP5_13TeV-pythia8/RunIISummer20UL16NanoAODv9-106X_mcRun2_asymptotic_v17-v1/NANOAODSIM
/WW_TuneCP5_13TeV-pythia8/RunIISummer20UL17NanoAODv9-106X_mc2017_realistic_v9-v1/NANOAODSIM
/WW_TuneCP5_13TeV-pythia8/RunIISummer20UL18NanoAODv9-106X_upgrade2018_realistic_v16_L1v1-v1/NANOAODSIM
/ZZ_TuneCP5_13TeV-pythia8/RunIISummer20UL16NanoAODAPVv9-106X_mcRun2_asymptotic_preVFP_v11-v1/NANOAODSIM
/ZZ_TuneCP5_13TeV-pythia8/RunIISummer20UL16NanoAODv9-106X_mcRun2_asymptotic_v17-v1/NANOAODSIM
/ZZ_TuneCP5_13TeV-pythia8/RunIISummer20UL17NanoAODv9-106X_mc2017_realistic_v9-v1/NANOAODSIM
/ZZ_TuneCP5_13TeV-pythia8/RunIISummer20UL18NanoAODv9-106X_upgrade2018_realistic_v16_L1v1-v1/NANOAODSIM
/WZ_TuneCP5_13TeV-pythia8/RunIISummer20UL16NanoAODAPVv9-106X_mcRun2_asymptotic_preVFP_v11-v1/NANOAODSIM
/WZ_TuneCP5_13TeV-pythia8/RunIISummer20UL16NanoAODv9-106X_mcRun2_asymptotic_v17-v1/NANOAODSIM
/WZ_TuneCP5_13TeV-pythia8/RunIISummer20UL17NanoAODv9-106X_mc2017_realistic_v9-v1/NANOAODSIM
/WZ_TuneCP5_13TeV-pythia8/RunIISummer20UL18NanoAODv9-106X_upgrade2018_realistic_v16_L1v1-v1/NANOAODSIM
/VLTquarkToPhotonTop_M-600_PtG-10_TuneCP5_13TeV-madgraph-pythia8/RunIISummer20UL16NanoAODAPVv9-106X_mcRun2_asymptotic_preVFP_v11-v4/NANOAODSIM
/VLTquarkToPhotonTop_M-600_PtG-10_TuneCP5_13TeV-madgraph-pythia8/RunIISummer20UL16NanoAODv9-106X_mcRun2_asymptotic_v17-v4/NANOAODSIM
/VLTquarkToPhotonTop_M-700_PtG-10_TuneCP5_13TeV-madgraph-pythia8/RunIISummer20UL16NanoAODAPVv9-106X_mcRun2_asymptotic_preVFP_v11-v4/NANOAODSIM
/VLTquarkToPhotonTop_M-700_PtG-10_TuneCP5_13TeV-madgraph-pythia8/RunIISummer20UL16NanoAODv9-106X_mcRun2_asymptotic_v17-v4/NANOAODSIM
/VLTquarkToPhotonTop_M-800_PtG-10_TuneCP5_13TeV-madgraph-pythia8/RunIISummer20UL16NanoAODAPVv9-106X_mcRun2_asymptotic_preVFP_v11-v4/NANOAODSIM
/VLTquarkToPhotonTop_M-800_PtG-10_TuneCP5_13TeV-madgraph-pythia8/RunIISummer20UL16NanoAODv9-106X_mcRun2_asymptotic_v17-v4/NANOAODSIM
/VLTquarkToPhotonTop_M-900_PtG-10_TuneCP5_13TeV-madgraph-pythia8/RunIISummer20UL16NanoAODAPVv9-106X_mcRun2_asymptotic_preVFP_v11-v3/NANOAODSIM
/VLTquarkToPhotonTop_M-900_PtG-10_TuneCP5_13TeV-madgraph-pythia8/RunIISummer20UL16NanoAODv9-106X_mcRun2_asymptotic_v17-v4/NANOAODSIM
/VLTquarkToPhotonTop_M-1000_PtG-10_TuneCP5_13TeV-madgraph-pythia8/RunIISummer20UL16NanoAODAPVv9-106X_mcRun2_asymptotic_preVFP_v11-v4/NANOAODSIM
/VLTquarkToPhotonTop_M-1000_PtG-10_TuneCP5_13TeV-madgraph-pythia8/RunIISummer20UL16NanoAODv9-106X_mcRun2_asymptotic_v17-v4/NANOAODSIM
/VLTquarkToPhotonTop_M-1100_PtG-10_TuneCP5_13TeV-madgraph-pythia8/RunIISummer20UL16NanoAODAPVv9-106X_mcRun2_asymptotic_preVFP_v11-v4/NANOAODSIM
/VLTquarkToPhotonTop_M-1100_PtG-10_TuneCP5_13TeV-madgraph-pythia8/RunIISummer20UL16NanoAODv9-106X_mcRun2_asymptotic_v17-v3/NANOAODSIM
/VLTquarkToPhotonTop_M-1200_PtG-10_TuneCP5_13TeV-madgraph-pythia8/RunIISummer20UL16NanoAODAPVv9-106X_mcRun2_asymptotic_preVFP_v11-v4/NANOAODSIM
/VLTquarkToPhotonTop_M-1200_PtG-10_TuneCP5_13TeV-madgraph-pythia8/RunIISummer20UL16NanoAODv9-106X_mcRun2_asymptotic_v17-v4/NANOAODSIM
/VLTquarkToPhotonTop_M-1300_PtG-10_TuneCP5_13TeV-madgraph-pythia8/RunIISummer20UL16NanoAODAPVv9-106X_mcRun2_asymptotic_preVFP_v11-v4/NANOAODSIM
/VLTquarkToPhotonTop_M-1300_PtG-10_TuneCP5_13TeV-madgraph-pythia8/RunIISummer20UL16NanoAODv9-106X_mcRun2_asymptotic_v17-v4/NANOAODSIM
/VLTquarkToPhotonTop_M-1400_PtG-10_TuneCP5_13TeV-madgraph-pythia8/RunIISummer20UL16NanoAODAPVv9-106X_mcRun2_asymptotic_preVFP_v11-v4/NANOAODSIM
/VLTquarkToPhotonTop_M-1400_PtG-10_TuneCP5_13TeV-madgraph-pythia8/RunIISummer20UL16NanoAODv9-106X_mcRun2_asymptotic_v17-v4/NANOAODSIM
/VLTquarkToPhotonTop_M-1500_PtG-10_TuneCP5_13TeV-madgraph-pythia8/RunIISummer20UL16NanoAODAPVv9-106X_mcRun2_asymptotic_preVFP_v11-v3/NANOAODSIM
/VLTquarkToPhotonTop_M-1500_PtG-10_TuneCP5_13TeV-madgraph-pythia8/RunIISummer20UL16NanoAODv9-106X_mcRun2_asymptotic_v17-v4/NANOAODSIM
/VLTquarkToPhotonTop_M-1600_PtG-10_TuneCP5_13TeV-madgraph-pythia8/RunIISummer20UL16NanoAODAPVv9-106X_mcRun2_asymptotic_preVFP_v11-v4/NANOAODSIM
/VLTquarkToPhotonTop_M-1600_PtG-10_TuneCP5_13TeV-madgraph-pythia8/RunIISummer20UL16NanoAODv9-106X_mcRun2_asymptotic_v17-v4/NANOAODSIM
/VLTquarkToPhotonTop_M-1700_PtG-10_TuneCP5_13TeV-madgraph-pythia8/RunIISummer20UL16NanoAODAPVv9-106X_mcRun2_asymptotic_preVFP_v11-v4/NANOAODSIM
/VLTquarkToPhotonTop_M-1700_PtG-10_TuneCP5_13TeV-madgraph-pythia8/RunIISummer20UL16NanoAODv9-106X_mcRun2_asymptotic_v17-v4/NANOAODSIM
/VLTquarkToPhotonTop_M-1800_PtG-10_TuneCP5_13TeV-madgraph-pythia8/RunIISummer20UL16NanoAODAPVv9-106X_mcRun2_asymptotic_preVFP_v11-v4/NANOAODSIM
/VLTquarkToPhotonTop_M-1800_PtG-10_TuneCP5_13TeV-madgraph-pythia8/RunIISummer20UL16NanoAODv9-106X_mcRun2_asymptotic_v17-v4/NANOAODSIM
/VLTquarkToPhotonTop_M-1900_PtG-10_TuneCP5_13TeV-madgraph-pythia8/RunIISummer20UL16NanoAODAPVv9-106X_mcRun2_asymptotic_preVFP_v11-v4/NANOAODSIM
/VLTquarkToPhotonTop_M-1900_PtG-10_TuneCP5_13TeV-madgraph-pythia8/RunIISummer20UL16NanoAODv9-106X_mcRun2_asymptotic_v17-v4/NANOAODSIM
/VLTquarkToPhotonTop_M-2000_PtG-10_TuneCP5_13TeV-madgraph-pythia8/RunIISummer20UL16NanoAODAPVv9-106X_mcRun2_asymptotic_preVFP_v11-v3/NANOAODSIM
/VLTquarkToPhotonTop_M-2000_PtG-10_TuneCP5_13TeV-madgraph-pythia8/RunIISummer20UL16NanoAODv9-106X_mcRun2_asymptotic_v17-v4/NANOAODSIM
/VLTquarkToPhotonTop_M-600_PtG-10_TuneCP5_13TeV-madgraph-pythia8/RunIISummer20UL17NanoAODv9-106X_mc2017_realistic_v9-v4/NANOAODSIM
/VLTquarkToPhotonTop_M-700_PtG-10_TuneCP5_13TeV-madgraph-pythia8/RunIISummer20UL17NanoAODv9-106X_mc2017_realistic_v9-v3/NANOAODSIM
/VLTquarkToPhotonTop_M-800_PtG-10_TuneCP5_13TeV-madgraph-pythia8/RunIISummer20UL17NanoAODv9-106X_mc2017_realistic_v9-v3/NANOAODSIM
/VLTquarkToPhotonTop_M-900_PtG-10_TuneCP5_13TeV-madgraph-pythia8/RunIISummer20UL17NanoAODv9-106X_mc2017_realistic_v9-v4/NANOAODSIM
/VLTquarkToPhotonTop_M-1000_PtG-10_TuneCP5_13TeV-madgraph-pythia8/RunIISummer20UL17NanoAODv9-106X_mc2017_realistic_v9-v4/NANOAODSIM
/VLTquarkToPhotonTop_M-1100_PtG-10_TuneCP5_13TeV-madgraph-pythia8/RunIISummer20UL17NanoAODv9-106X_mc2017_realistic_v9-v3/NANOAODSIM
/VLTquarkToPhotonTop_M-1200_PtG-10_TuneCP5_13TeV-madgraph-pythia8/RunIISummer20UL17NanoAODv9-106X_mc2017_realistic_v9-v4/NANOAODSIM
/VLTquarkToPhotonTop_M-1300_PtG-10_TuneCP5_13TeV-madgraph-pythia8/RunIISummer20UL17NanoAODv9-106X_mc2017_realistic_v9-v4/NANOAODSIM
/VLTquarkToPhotonTop_M-1400_PtG-10_TuneCP5_13TeV-madgraph-pythia8/RunIISummer20UL17NanoAODv9-106X_mc2017_realistic_v9-v4/NANOAODSIM
/VLTquarkToPhotonTop_M-1500_PtG-10_TuneCP5_13TeV-madgraph-pythia8/RunIISummer20UL17NanoAODv9-106X_mc2017_realistic_v9-v4/NANOAODSIM
/VLTquarkToPhotonTop_M-1600_PtG-10_TuneCP5_13TeV-madgraph-pythia8/RunIISummer20UL17NanoAODv9-106X_mc2017_realistic_v9-v3/NANOAODSIM
/VLTquarkToPhotonTop_M-1700_PtG-10_TuneCP5_13TeV-madgraph-pythia8/RunIISummer20UL17NanoAODv9-106X_mc2017_realistic_v9-v3/NANOAODSIM
/VLTquarkToPhotonTop_M-1800_PtG-10_TuneCP5_13TeV-madgraph-pythia8/RunIISummer20UL17NanoAODv9-106X_mc2017_realistic_v9-v4/NANOAODSIM
/VLTquarkToPhotonTop_M-1900_PtG-10_TuneCP5_13TeV-madgraph-pythia8/RunIISummer20UL17NanoAODv9-106X_mc2017_realistic_v9-v4/NANOAODSIM
/VLTquarkToPhotonTop_M-2000_PtG-10_TuneCP5_13TeV-madgraph-pythia8/RunIISummer20UL17NanoAODv9-106X_mc2017_realistic_v9-v4/NANOAODSIM
/VLTquarkToPhotonTop_M-600_PtG-10_TuneCP5_13TeV-madgraph-pythia8/RunIISummer20UL18NanoAODv9-106X_upgrade2018_realistic_v16_L1v1-v4/NANOAODSIM
/VLTquarkToPhotonTop_M-700_PtG-10_TuneCP5_13TeV-madgraph-pythia8/RunIISummer20UL18NanoAODv9-106X_upgrade2018_realistic_v16_L1v1-v4/NANOAODSIM
/VLTquarkToPhotonTop_M-800_PtG-10_TuneCP5_13TeV-madgraph-pythia8/RunIISummer20UL18NanoAODv9-106X_upgrade2018_realistic_v16_L1v1-v4/NANOAODSIM
/VLTquarkToPhotonTop_M-900_PtG-10_TuneCP5_13TeV-madgraph-pythia8/RunIISummer20UL18NanoAODv9-106X_upgrade2018_realistic_v16_L1v1-v3/NANOAODSIM
/VLTquarkToPhotonTop_M-1000_PtG-10_TuneCP5_13TeV-madgraph-pythia8/RunIISummer20UL18NanoAODv9-106X_upgrade2018_realistic_v16_L1v1-v4/NANOAODSIM
/VLTquarkToPhotonTop_M-1100_PtG-10_TuneCP5_13TeV-madgraph-pythia8/RunIISummer20UL18NanoAODv9-106X_upgrade2018_realistic_v16_L1v1-v4/NANOAODSIM
/VLTquarkToPhotonTop_M-1200_PtG-10_TuneCP5_13TeV-madgraph-pythia8/RunIISummer20UL18NanoAODv9-106X_upgrade2018_realistic_v16_L1v1-v4/NANOAODSIM
/VLTquarkToPhotonTop_M-1300_PtG-10_TuneCP5_13TeV-madgraph-pythia8/RunIISummer20UL18NanoAODv9-106X_upgrade2018_realistic_v16_L1v1-v4/NANOAODSIM
/VLTquarkToPhotonTop_M-1400_PtG-10_TuneCP5_13TeV-madgraph-pythia8/RunIISummer20UL18NanoAODv9-106X_upgrade2018_realistic_v16_L1v1-v4/NANOAODSIM
/VLTquarkToPhotonTop_M-1500_PtG-10_TuneCP5_13TeV-madgraph-pythia8/RunIISummer20UL18NanoAODv9-106X_upgrade2018_realistic_v16_L1v1-v4/NANOAODSIM
/VLTquarkToPhotonTop_M-1600_PtG-10_TuneCP5_13TeV-madgraph-pythia8/RunIISummer20UL18NanoAODv9-106X_upgrade2018_realistic_v16_L1v1-v4/NANOAODSIM
/VLTquarkToPhotonTop_M-1700_PtG-10_TuneCP5_13TeV-madgraph-pythia8/RunIISummer20UL18NanoAODv9-106X_upgrade2018_realistic_v16_L1v1-v4/NANOAODSIM
/VLTquarkToPhotonTop_M-1800_PtG-10_TuneCP5_13TeV-madgraph-pythia8/RunIISummer20UL18NanoAODv9-106X_upgrade2018_realistic_v16_L1v1-v3/NANOAODSIM
/VLTquarkToPhotonTop_M-1900_PtG-10_TuneCP5_13TeV-madgraph-pythia8/RunIISummer20UL18NanoAODv9-106X_upgrade2018_realistic_v16_L1v1-v4/NANOAODSIM
/VLTquarkToPhotonTop_M-2000_PtG-10_TuneCP5_13TeV-madgraph-pythia8/RunIISummer20UL18NanoAODv9-106X_upgrade2018_realistic_v16_L1v1-v4/NANOAODSIM
